<?xml version="1.0" encoding="UTF-8"?>
<!-- Generated by org.testng.reporters.JUnitReportReporter -->
<testsuite skipped="0" hostname="ip-172-31-3-93.us-west-2.compute.internal" name="SeleniumTest" tests="3" failures="0" timestamp="18 Jun 2020 12:38:12 GMT" time="5.769" errors="0">
  <testcase name="testCaseTwo" time="1.010" classname="SeleniumTest"/>
  <testcase name="testCaseThree" time="1.574" classname="SeleniumTest"/>
  <testcase name="testCaseOne" time="3.185" classname="SeleniumTest"/>
</testsuite> <!-- SeleniumTest -->
